2013-11-02 16:21:26 Error: [MissingControllerException] Controller class DoctorssController could not be found.
Exception Attributes: array (
  'class' => 'DoctorssController',
  'plugin' => NULL,
)
Request URL: /hospital/Doctorss
Stack Trace:
#0 /var/www/html/hospital/webroot/index.php(101): Dispatcher->dispatch(Object(CakeRequest), Object(CakeResponse))
#1 {main}
2013-11-02 17:17:06 Error: Fatal Error (4): syntax error, unexpected ';' in [/var/www/html/hospital/Controller/AppointmentsController.php, line 31]
2013-11-02 17:17:06 Error: [FatalErrorException] syntax error, unexpected ';'
Request URL: /hospital/
Stack Trace:
#0 /var/www/html/cakephp/lib/Cake/Error/ErrorHandler.php(205): ErrorHandler::handleFatalError(4, 'syntax error, u...', '/var/www/html/h...', 31)
#1 [internal function]: ErrorHandler::handleError(4, 'syntax error, u...', '/var/www/html/h...', 31, Array)
#2 /var/www/html/cakephp/lib/Cake/Core/App.php(931): call_user_func('ErrorHandler::h...', 4, 'syntax error, u...', '/var/www/html/h...', 31, Array)
#3 /var/www/html/cakephp/lib/Cake/Core/App.php(904): App::_checkFatalError()
#4 [internal function]: App::shutdown()
#5 {main}
2013-11-02 17:17:52 Error: Fatal Error (1): Call to a member function find() on a non-object in [/var/www/html/hospital/Controller/AppointmentsController.php, line 30]
2013-11-02 17:17:52 Error: [FatalErrorException] Call to a member function find() on a non-object
Request URL: /hospital/
Stack Trace:
#0 /var/www/html/cakephp/lib/Cake/Error/ErrorHandler.php(205): ErrorHandler::handleFatalError(1, 'Call to a membe...', '/var/www/html/h...', 30)
#1 [internal function]: ErrorHandler::handleError(1, 'Call to a membe...', '/var/www/html/h...', 30, Array)
#2 /var/www/html/cakephp/lib/Cake/Core/App.php(931): call_user_func('ErrorHandler::h...', 1, 'Call to a membe...', '/var/www/html/h...', 30, Array)
#3 /var/www/html/cakephp/lib/Cake/Core/App.php(904): App::_checkFatalError()
#4 [internal function]: App::shutdown()
#5 {main}
2013-11-02 17:18:31 Error: Fatal Error (1): Call to a member function find() on a non-object in [/var/www/html/hospital/Controller/AppointmentsController.php, line 30]
2013-11-02 17:18:31 Error: [FatalErrorException] Call to a member function find() on a non-object
Request URL: /hospital/
Stack Trace:
#0 /var/www/html/cakephp/lib/Cake/Error/ErrorHandler.php(205): ErrorHandler::handleFatalError(1, 'Call to a membe...', '/var/www/html/h...', 30)
#1 [internal function]: ErrorHandler::handleError(1, 'Call to a membe...', '/var/www/html/h...', 30, Array)
#2 /var/www/html/cakephp/lib/Cake/Core/App.php(931): call_user_func('ErrorHandler::h...', 1, 'Call to a membe...', '/var/www/html/h...', 30, Array)
#3 /var/www/html/cakephp/lib/Cake/Core/App.php(904): App::_checkFatalError()
#4 [internal function]: App::shutdown()
#5 {main}
2013-11-02 17:19:21 Error: Fatal Error (1): Call to undefined method View::__() in [/var/www/html/hospital/View/Appointments/index.ctp, line 5]
2013-11-02 17:19:21 Error: [FatalErrorException] Call to undefined method View::__()
Request URL: /hospital/
Stack Trace:
#0 /var/www/html/cakephp/lib/Cake/Error/ErrorHandler.php(205): ErrorHandler::handleFatalError(1, 'Call to undefin...', '/var/www/html/h...', 5)
#1 [internal function]: ErrorHandler::handleError(1, 'Call to undefin...', '/var/www/html/h...', 5, Array)
#2 /var/www/html/cakephp/lib/Cake/Core/App.php(931): call_user_func('ErrorHandler::h...', 1, 'Call to undefin...', '/var/www/html/h...', 5, Array)
#3 /var/www/html/cakephp/lib/Cake/Core/App.php(904): App::_checkFatalError()
#4 [internal function]: App::shutdown()
#5 {main}
2013-11-02 17:20:00 Error: Fatal Error (1): Call to undefined method View::__() in [/var/www/html/hospital/View/Appointments/index.ctp, line 5]
2013-11-02 17:20:00 Error: [FatalErrorException] Call to undefined method View::__()
Request URL: /hospital/
Stack Trace:
#0 /var/www/html/cakephp/lib/Cake/Error/ErrorHandler.php(205): ErrorHandler::handleFatalError(1, 'Call to undefin...', '/var/www/html/h...', 5)
#1 [internal function]: ErrorHandler::handleError(1, 'Call to undefin...', '/var/www/html/h...', 5, Array)
#2 /var/www/html/cakephp/lib/Cake/Core/App.php(931): call_user_func('ErrorHandler::h...', 1, 'Call to undefin...', '/var/www/html/h...', 5, Array)
#3 /var/www/html/cakephp/lib/Cake/Core/App.php(904): App::_checkFatalError()
#4 [internal function]: App::shutdown()
#5 {main}
2013-11-02 17:24:22 Error: Fatal Error (1): Call to a member function find() on a non-object in [/var/www/html/hospital/Controller/AppointmentsController.php, line 30]
2013-11-02 17:24:22 Error: [FatalErrorException] Call to a member function find() on a non-object
Request URL: /hospital/
Stack Trace:
#0 /var/www/html/cakephp/lib/Cake/Error/ErrorHandler.php(205): ErrorHandler::handleFatalError(1, 'Call to a membe...', '/var/www/html/h...', 30)
#1 [internal function]: ErrorHandler::handleError(1, 'Call to a membe...', '/var/www/html/h...', 30, Array)
#2 /var/www/html/cakephp/lib/Cake/Core/App.php(931): call_user_func('ErrorHandler::h...', 1, 'Call to a membe...', '/var/www/html/h...', 30, Array)
#3 /var/www/html/cakephp/lib/Cake/Core/App.php(904): App::_checkFatalError()
#4 [internal function]: App::shutdown()
#5 {main}
2013-11-02 17:24:53 Error: Fatal Error (1): Call to a member function find() on a non-object in [/var/www/html/hospital/Controller/AppointmentsController.php, line 25]
2013-11-02 17:24:53 Error: [FatalErrorException] Call to a member function find() on a non-object
Request URL: /hospital/
Stack Trace:
#0 /var/www/html/cakephp/lib/Cake/Error/ErrorHandler.php(205): ErrorHandler::handleFatalError(1, 'Call to a membe...', '/var/www/html/h...', 25)
#1 [internal function]: ErrorHandler::handleError(1, 'Call to a membe...', '/var/www/html/h...', 25, Array)
#2 /var/www/html/cakephp/lib/Cake/Core/App.php(931): call_user_func('ErrorHandler::h...', 1, 'Call to a membe...', '/var/www/html/h...', 25, Array)
#3 /var/www/html/cakephp/lib/Cake/Core/App.php(904): App::_checkFatalError()
#4 [internal function]: App::shutdown()
#5 {main}
2013-11-02 17:25:58 Error: Fatal Error (1): Call to a member function find() on a non-object in [/var/www/html/hospital/Controller/AppointmentsController.php, line 25]
2013-11-02 17:25:58 Error: [FatalErrorException] Call to a member function find() on a non-object
Request URL: /hospital/
Stack Trace:
#0 /var/www/html/cakephp/lib/Cake/Error/ErrorHandler.php(205): ErrorHandler::handleFatalError(1, 'Call to a membe...', '/var/www/html/h...', 25)
#1 [internal function]: ErrorHandler::handleError(1, 'Call to a membe...', '/var/www/html/h...', 25, Array)
#2 /var/www/html/cakephp/lib/Cake/Core/App.php(931): call_user_func('ErrorHandler::h...', 1, 'Call to a membe...', '/var/www/html/h...', 25, Array)
#3 /var/www/html/cakephp/lib/Cake/Core/App.php(904): App::_checkFatalError()
#4 [internal function]: App::shutdown()
#5 {main}
